quickblox-android-sdk-master/sample-videochat-webrtc/build/outputs/logs/manifest-merger-dev-debug-report.txt
-- Merging decision tree log ---
manifest
ADDED from src/main/AndroidManifest.xml:2:1-54:12
	package
		ADDED from src/main/AndroidManifest.xml:4:5-51
		INJECTED from src/main/AndroidManifest.xml
		INJECTED from src/main/AndroidManifest.xml
	android:versionName
		INJECTED from src/main/AndroidManifest.xml
		INJECTED from src/main/AndroidManifest.xml
	xmlns:tools
		ADDED from src/main/AndroidManifest.xml:3:5-51
	xmlns:android
		ADDED from src/main/AndroidManifest.xml:2:11-69
	android:versionCode
		INJECTED from src/main/AndroidManifest.xml
		INJECTED from src/main/AndroidManifest.xml
application
ADDED from src/main/AndroidManifest.xml:6:5-35:19
MERGED from [quickblox-android-sdk-master:sample-core:unspecified] AndroidManifest.xml:12:5-20
MERGED from [com.google.android.gms:play-services-gcm:8.4.0] AndroidManifest.xml:24:5-20
MERGED from [com.google.android.gms:play-services-basement:8.4.0] AndroidManifest.xml:20:5-24:19
MERGED from [com.android.support:support-v4:23.1.1] AndroidManifest.xml:22:5-20
MERGED from [com.google.android.gms:play-services-measurement:8.4.0] AndroidManifest.xml:26:5-46:19
MERGED from [com.google.android.gms:play-services-basement:8.4.0] AndroidManifest.xml:20:5-24:19
MERGED from [com.android.support:support-v4:23.1.1] AndroidManifest.xml:22:5-20
MERGED from [com.android.support:design:23.1.1] AndroidManifest.xml:22:5-20
MERGED from [com.android.support:appcompat-v7:23.1.1] AndroidManifest.xml:22:5-20
MERGED from [com.android.support:support-v4:23.1.1] AndroidManifest.xml:22:5-20
MERGED from [com.android.support:support-v4:23.1.1] AndroidManifest.xml:22:5-20
MERGED from [com.android.support:support-v4:23.1.1] AndroidManifest.xml:22:5-20
MERGED from [com.github.johnkil.android-robototextview:robototextview:2.4.3] AndroidManifest.xml:8:5-20
MERGED from [com.android.support:appcompat-v7:23.1.1] AndroidManifest.xml:22:5-20
MERGED from [com.android.support:support-v4:23.1.1] AndroidManifest.xml:22:5-20
MERGED from [com.android.support:support-v4:23.1.1] AndroidManifest.xml:22:5-20
MERGED from [com.navercorp.pulltorefresh:library:3.2.3] AndroidManifest.xml:9:5-20
MERGED from [com.crashlytics.sdk.android:crashlytics:2.2.2] AndroidManifest.xml:11:5-20
MERGED from [com.crashlytics.sdk.android:answers:1.1.2] AndroidManifest.xml:9:5-20
MERGED from [io.fabric.sdk.android:fabric:1.2.0] AndroidManifest.xml:9:5-20
MERGED from [io.fabric.sdk.android:fabric:1.2.0] AndroidManifest.xml:9:5-20
MERGED from [com.crashlytics.sdk.android:beta:1.1.2] AndroidManifest.xml:9:5-20
MERGED from [io.fabric.sdk.android:fabric:1.2.0] AndroidManifest.xml:9:5-20
	android:label
		ADDED from src/main/AndroidManifest.xml:10:9-41
	tools:ignore
		ADDED from src/main/AndroidManifest.xml:12:9-48
	android:allowBackup
		ADDED from src/main/AndroidManifest.xml:8:9-35
	android:icon
		ADDED from src/main/AndroidManifest.xml:9:9-43
	android:theme
		ADDED from src/main/AndroidManifest.xml:11:9-44
	android:name
		ADDED from src/main/AndroidManifest.xml:7:9-28
activity#com.quickblox.sample.groupchatwebrtc.activities.ListUsersActivity
ADDED from src/main/AndroidManifest.xml:13:9-22:20
	android:screenOrientation
		ADDED from src/main/AndroidManifest.xml:17:13-49
	android:label
		ADDED from src/main/AndroidManifest.xml:16:13-45
	android:configChanges
		ADDED from src/main/AndroidManifest.xml:15:13-74
	android:name
		ADDED from src/main/AndroidManifest.xml:14:13-57
intent-filter#android.intent.action.MAIN+android.intent.category.LAUNCHER
ADDED from src/main/AndroidManifest.xml:18:13-21:29
action#android.intent.action.MAIN
ADDED from src/main/AndroidManifest.xml:19:17-69
	android:name
		ADDED from src/main/AndroidManifest.xml:19:25-66
category#android.intent.category.LAUNCHER
ADDED from src/main/AndroidManifest.xml:20:17-77
	android:name
		ADDED from src/main/AndroidManifest.xml:20:27-74
activity#com.quickblox.sample.groupchatwebrtc.activities.CallActivity
ADDED from src/main/AndroidManifest.xml:23:9-26:52
	android:screenOrientation
		ADDED from src/main/AndroidManifest.xml:26:13-49
	android:configChanges
		ADDED from src/main/AndroidManifest.xml:25:13-74
	android:name
		ADDED from src/main/AndroidManifest.xml:24:13-52
activity#com.quickblox.sample.groupchatwebrtc.activities.SettingsActivity
ADDED from src/main/AndroidManifest.xml:27:9-30:52
	android:screenOrientation
		ADDED from src/main/AndroidManifest.xml:30:13-49
	android:configChanges
		ADDED from src/main/AndroidManifest.xml:29:13-74
	android:name
		ADDED from src/main/AndroidManifest.xml:28:13-56
meta-data#io.fabric.ApiKey
ADDED from src/main/AndroidManifest.xml:32:9-34:72
	android:value
		ADDED from src/main/AndroidManifest.xml:34:13-69
	android:name
		ADDED from src/main/AndroidManifest.xml:33:13-44
uses-permission#android.permission.CAMERA
ADDED from src/main/AndroidManifest.xml:37:5-65
MERGED from [com.quickblox:quickblox-android-sdk-core:2.5.2] AndroidManifest.xml:12:5-65
MERGED from [com.quickblox:quickblox-android-sdk-chat:2.5.2] AndroidManifest.xml:11:5-65
MERGED from [com.quickblox:quickblox-android-sdk-videochat-webrtc:2.5.2] AndroidManifest.xml:11:5-65
MERGED from [com.quickblox:quickblox-android-sdk-core:2.5.2] AndroidManifest.xml:12:5-65
	android:name
		ADDED from src/main/AndroidManifest.xml:37:22-62
uses-permission#android.permission.MODIFY_AUDIO_SETTINGS
ADDED from src/main/AndroidManifest.xml:38:5-80
MERGED from [com.quickblox:quickblox-android-sdk-core:2.5.2] AndroidManifest.xml:22:5-80
MERGED from [com.quickblox:quickblox-android-sdk-chat:2.5.2] AndroidManifest.xml:21:5-80
MERGED from [com.quickblox:quickblox-android-sdk-videochat-webrtc:2.5.2] AndroidManifest.xml:24:5-80
MERGED from [com.quickblox:quickblox-android-sdk-core:2.5.2] AndroidManifest.xml:22:5-80
MERGED from [com.quickblox:quickblox-android-sdk-messages:2.5.2] AndroidManifest.xml:20:5-80
	android:name
		ADDED from src/main/AndroidManifest.xml:38:22-77
uses-permission#android.permission.RECORD_AUDIO
ADDED from src/main/AndroidManifest.xml:39:5-71
MERGED from [com.quickblox:quickblox-android-sdk-core:2.5.2] AndroidManifest.xml:20:5-71
MERGED from [com.quickblox:quickblox-android-sdk-chat:2.5.2] AndroidManifest.xml:19:5-71
MERGED from [com.quickblox:quickblox-android-sdk-videochat-webrtc:2.5.2] AndroidManifest.xml:22:5-71
MERGED from [com.quickblox:quickblox-android-sdk-core:2.5.2] AndroidManifest.xml:20:5-71
MERGED from [com.quickblox:quickblox-android-sdk-messages:2.5.2] AndroidManifest.xml:18:5-71
	android:name
		ADDED from src/main/AndroidManifest.xml:39:22-68
uses-permission#android.permission.INTERNET
ADDED from src/main/AndroidManifest.xml:40:5-67
MERGED from [com.quickblox:quickblox-android-sdk-core:2.5.2] AndroidManifest.xml:14:5-67
MERGED from [com.quickblox:quickblox-android-sdk-chat:2.5.2] AndroidManifest.xml:13:5-67
MERGED from [com.quickblox:quickblox-android-sdk-videochat-webrtc:2.5.2] AndroidManifest.xml:13:5-67
MERGED from [com.quickblox:quickblox-android-sdk-core:2.5.2] AndroidManifest.xml:14:5-67
MERGED from [com.quickblox:quickblox-android-sdk-messages:2.5.2] AndroidManifest.xml:11:5-67
MERGED from [com.google.android.gms:play-services-gcm:8.4.0] AndroidManifest.xml:22:5-67
MERGED from [com.google.android.gms:play-services-measurement:8.4.0] AndroidManifest.xml:21:5-67
MERGED from [com.crashlytics.sdk.android:crashlytics:2.2.2] AndroidManifest.xml:9:5-67
	android:name
		ADDED from src/main/AndroidManifest.xml:40:22-64
uses-permission#android.permission.WRITE_EXTERNAL_STORAGE
ADDED from src/main/AndroidManifest.xml:41:5-81
MERGED from [com.quickblox:quickblox-android-sdk-core:2.5.2] AndroidManifest.xml:21:5-81
MERGED from [com.quickblox:quickblox-android-sdk-chat:2.5.2] AndroidManifest.xml:20:5-81
MERGED from [com.quickblox:quickblox-android-sdk-videochat-webrtc:2.5.2] AndroidManifest.xml:23:5-81
MERGED from [com.quickblox:quickblox-android-sdk-core:2.5.2] AndroidManifest.xml:21:5-81
MERGED from [com.quickblox:quickblox-android-sdk-messages:2.5.2] AndroidManifest.xml:19:5-81
	android:name
		ADDED from src/main/AndroidManifest.xml:41:22-78
uses-permission#android.permission.VIBRATE
ADDED from src/main/AndroidManifest.xml:42:5-66
	android:name
		ADDED from src/main/AndroidManifest.xml:42:22-63
uses-permission#android.permission.READ_PHONE_STATE
ADDED from src/main/AndroidManifest.xml:43:5-75
MERGED from [com.quickblox:quickblox-android-sdk-chat:2.5.2] AndroidManifest.xml:23:5-75
MERGED from [com.quickblox:quickblox-android-sdk-messages:2.5.2] AndroidManifest.xml:12:5-75
	android:name
		ADDED from src/main/AndroidManifest.xml:43:22-72
uses-permission#android.permission.ACCESS_NETWORK_STATE
ADDED from src/main/AndroidManifest.xml:44:5-79
MERGED from [com.quickblox:quickblox-android-sdk-core:2.5.2] AndroidManifest.xml:23:5-79
MERGED from [com.quickblox:quickblox-android-sdk-chat:2.5.2] AndroidManifest.xml:22:5-79
MERGED from [com.quickblox:quickblox-android-sdk-videochat-webrtc:2.5.2] AndroidManifest.xml:25:5-79
MERGED from [com.quickblox:quickblox-android-sdk-core:2.5.2] AndroidManifest.xml:23:5-79
MERGED from [com.quickblox:quickblox-android-sdk-messages:2.5.2] AndroidManifest.xml:21:5-79
MERGED from [com.google.android.gms:play-services-measurement:8.4.0] AndroidManifest.xml:22:5-79
	android:name
		ADDED from src/main/AndroidManifest.xml:44:22-76
uses-permission#android.permission.ACCESS_WIFI_STATE
ADDED from src/main/AndroidManifest.xml:45:5-76
	android:name
		ADDED from src/main/AndroidManifest.xml:45:22-73
uses-feature#android.hardware.camera
ADDED from src/main/AndroidManifest.xml:47:5-60
MERGED from [com.quickblox:quickblox-android-sdk-core:2.5.2] AndroidManifest.xml:16:5-60
MERGED from [com.quickblox:quickblox-android-sdk-chat:2.5.2] AndroidManifest.xml:15:5-60
MERGED from [com.quickblox:quickblox-android-sdk-videochat-webrtc:2.5.2] AndroidManifest.xml:15:5-60
MERGED from [com.quickblox:quickblox-android-sdk-core:2.5.2] AndroidManifest.xml:16:5-60
MERGED from [com.quickblox:quickblox-android-sdk-messages:2.5.2] AndroidManifest.xml:14:5-60
	android:name
		ADDED from src/main/AndroidManifest.xml:47:19-57
uses-feature#android.hardware.camera.autofocus
ADDED from src/main/AndroidManifest.xml:48:5-70
MERGED from [com.quickblox:quickblox-android-sdk-core:2.5.2] AndroidManifest.xml:17:5-70
MERGED from [com.quickblox:quickblox-android-sdk-chat:2.5.2] AndroidManifest.xml:16:5-70
MERGED from [com.quickblox:quickblox-android-sdk-videochat-webrtc:2.5.2] AndroidManifest.xml:16:5-70
MERGED from [com.quickblox:quickblox-android-sdk-core:2.5.2] AndroidManifest.xml:17:5-70
MERGED from [com.quickblox:quickblox-android-sdk-messages:2.5.2] AndroidManifest.xml:15:5-70
	android:name
		ADDED from src/main/AndroidManifest.xml:48:19-67
uses-feature#0x00020000
ADDED from src/main/AndroidManifest.xml:50:5-52:35
MERGED from [com.quickblox:quickblox-android-sdk-videochat-webrtc:2.5.2] AndroidManifest.xml:18:5-20:35
	android:glEsVersion
		ADDED from src/main/AndroidManifest.xml:51:9-41
	android:required
		ADDED from src/main/AndroidManifest.xml:52:9-32
uses-sdk
INJECTED from src/main/AndroidManifest.xml reason: use-sdk injection requested
MERGED from [com.quickblox:quickblox-android-sdk-core:2.5.2] AndroidManifest.xml:6:5-8:41
MERGED from [com.quickblox:quickblox-android-sdk-chat:2.5.2] AndroidManifest.xml:5:5-7:41
MERGED from [com.quickblox:quickblox-android-sdk-videochat-webrtc:2.5.2] AndroidManifest.xml:5:5-7:41
MERGED from [quickblox-android-sdk-master:sample-core:unspecified] AndroidManifest.xml:8:5-10:41
MERGED from [com.quickblox:quickblox-android-sdk-core:2.5.2] AndroidManifest.xml:6:5-8:41
MERGED from [com.quickblox:quickblox-android-sdk-messages:2.5.2] AndroidManifest.xml:5:5-7:41
MERGED from [com.google.android.gms:play-services-gcm:8.4.0] AndroidManifest.xml:18:5-42
MERGED from [com.google.android.gms:play-services-base:8.4.0] AndroidManifest.xml:18:5-42
MERGED from [com.google.android.gms:play-services-basement:8.4.0] AndroidManifest.xml:18:5-42
MERGED from [com.android.support:support-v4:23.1.1] AndroidManifest.xml:20:5-43
MERGED from [com.google.android.gms:play-services-measurement:8.4.0] AndroidManifest.xml:18:5-42
MERGED from [com.google.android.gms:play-services-basement:8.4.0] AndroidManifest.xml:18:5-42
MERGED from [com.android.support:support-v4:23.1.1] AndroidManifest.xml:20:5-43
MERGED from [com.android.support:design:23.1.1] AndroidManifest.xml:20:5-43
MERGED from [com.android.support:appcompat-v7:23.1.1] AndroidManifest.xml:20:5-43
MERGED from [com.android.support:support-v4:23.1.1] AndroidManifest.xml:20:5-43
MERGED from [com.android.support:recyclerview-v7:23.1.1] AndroidManifest.xml:20:5-43
MERGED from [com.android.support:support-v4:23.1.1] AndroidManifest.xml:20:5-43
MERGED from [com.android.support:support-v4:23.1.1] AndroidManifest.xml:20:5-43
MERGED from [com.github.johnkil.android-robototextview:robototextview:2.4.3] AndroidManifest.xml:6:5-43
MERGED from [com.android.support:appcompat-v7:23.1.1] AndroidManifest.xml:20:5-43
MERGED from [com.android.support:support-v4:23.1.1] AndroidManifest.xml:20:5-43
MERGED from [com.android.support:recyclerview-v7:23.1.1] AndroidManifest.xml:20:5-43
MERGED from [com.android.support:support-v4:23.1.1] AndroidManifest.xml:20:5-43
MERGED from [com.navercorp.pulltorefresh:library:3.2.3] AndroidManifest.xml:7:5-43
MERGED from [com.crashlytics.sdk.android:crashlytics:2.2.2] AndroidManifest.xml:7:5-43
MERGED from [com.crashlytics.sdk.android:answers:1.1.2] AndroidManifest.xml:7:5-43
MERGED from [io.fabric.sdk.android:fabric:1.2.0] AndroidManifest.xml:7:5-43
MERGED from [io.fabric.sdk.android:fabric:1.2.0] AndroidManifest.xml:7:5-43
MERGED from [com.crashlytics.sdk.android:beta:1.1.2] AndroidManifest.xml:7:5-43
MERGED from [io.fabric.sdk.android:fabric:1.2.0] AndroidManifest.xml:7:5-43
	android:targetSdkVersion
		INJECTED from src/main/AndroidManifest.xml
		INJECTED from src/main/AndroidManifest.xml
	android:minSdkVersion
		INJECTED from src/main/AndroidManifest.xml
		INJECTED from src/main/AndroidManifest.xml
uses-permission#android.permission.FLASHLIGHT
ADDED from [com.quickblox:quickblox-android-sdk-core:2.5.2] AndroidManifest.xml:13:5-69
MERGED from [com.quickblox:quickblox-android-sdk-chat:2.5.2] AndroidManifest.xml:12:5-69
MERGED from [com.quickblox:quickblox-android-sdk-videochat-webrtc:2.5.2] AndroidManifest.xml:12:5-69
MERGED from [com.quickblox:quickblox-android-sdk-core:2.5.2] AndroidManifest.xml:13:5-69
	android:name
		ADDED from [com.quickblox:quickblox-android-sdk-core:2.5.2] AndroidManifest.xml:13:22-66
uses-feature#android.hardware.camera.flash
ADDED from [com.quickblox:quickblox-android-sdk-core:2.5.2] AndroidManifest.xml:18:5-66
MERGED from [com.quickblox:quickblox-android-sdk-chat:2.5.2] AndroidManifest.xml:17:5-66
MERGED from [com.quickblox:quickblox-android-sdk-videochat-webrtc:2.5.2] AndroidManifest.xml:17:5-66
MERGED from [com.quickblox:quickblox-android-sdk-core:2.5.2] AndroidManifest.xml:18:5-66
MERGED from [com.quickblox:quickblox-android-sdk-messages:2.5.2] AndroidManifest.xml:16:5-66
	android:name
		ADDED from [com.quickblox:quickblox-android-sdk-core:2.5.2] AndroidManifest.xml:18:19-63
uses-permission#com.google.android.c2dm.permission.RECEIVE
ADDED from [com.google.android.gms:play-services-gcm:8.4.0] AndroidManifest.xml:21:5-82
	android:name
		ADDED from [com.google.android.gms:play-services-gcm:8.4.0] AndroidManifest.xml:21:22-79
meta-data#com.google.android.gms.version
ADDED from [com.google.android.gms:play-services-basement:8.4.0] AndroidManifest.xml:21:9-23:69
MERGED from [com.google.android.gms:play-services-basement:8.4.0] AndroidManifest.xml:21:9-23:69
	android:value
		ADDED from [com.google.android.gms:play-services-basement:8.4.0] AndroidManifest.xml:23:13-66
	android:name
		ADDED from [com.google.android.gms:play-services-basement:8.4.0] AndroidManifest.xml:22:13-58
uses-permission#android.permission.WAKE_LOCK
ADDED from [com.google.android.gms:play-services-measurement:8.4.0] AndroidManifest.xml:24:5-67
	android:name
		ADDED from [com.google.android.gms:play-services-measurement:8.4.0] AndroidManifest.xml:24:22-65
provider#com.google.android.gms.measurement.AppMeasurementContentProvider
ADDED from [com.google.android.gms:play-services-measurement:8.4.0] AndroidManifest.xml:28:7-31:37
	android:authorities
		ADDED from [com.google.android.gms:play-services-measurement:8.4.0] AndroidManifest.xml:29:11-76
	android:exported
		ADDED from [com.google.android.gms:play-services-measurement:8.4.0] AndroidManifest.xml:31:11-35
	android:name
		ADDED from [com.google.android.gms:play-services-measurement:8.4.0] AndroidManifest.xml:30:11-90
receiver#com.google.android.gms.measurement.AppMeasurementReceiver
ADDED from [com.google.android.gms:play-services-measurement:8.4.0] AndroidManifest.xml:33:7-39:18
	android:enabled
		ADDED from [com.google.android.gms:play-services-measurement:8.4.0] AndroidManifest.xml:35:11-33
	android:name
		ADDED from [com.google.android.gms:play-services-measurement:8.4.0] AndroidManifest.xml:34:11-83
intent-filter#com.google.android.gms.measurement.UPLOAD
ADDED from [com.google.android.gms:play-services-measurement:8.4.0] AndroidManifest.xml:36:9-38:25
action#com.google.android.gms.measurement.UPLOAD
ADDED from [com.google.android.gms:play-services-measurement:8.4.0] AndroidManifest.xml:37:11-77
	android:name
		ADDED from [com.google.android.gms:play-services-measurement:8.4.0] AndroidManifest.xml:37:19-75
service#com.google.android.gms.measurement.AppMeasurementService
ADDED from [com.google.android.gms:play-services-measurement:8.4.0] AndroidManifest.xml:41:7-44:37
	android:enabled
		ADDED from [com.google.android.gms:play-services-measurement:8.4.0] AndroidManifest.xml:43:11-33
	android:exported
		ADDED from [com.google.android.gms:play-services-measurement:8.4.0] AndroidManifest.xml:44:11-35
	android:name
		ADDED from [com.google.android.gms:play-services-measurement:8.4.0] AndroidManifest.xml:42:11-82